<?xml version="1.0" encoding="UTF-8"?>
<!-- Generated by org.testng.reporters.JUnitXMLReporter -->
<testsuite ignored="0" hostname="LAPTOP-MB89NV26" failures="0" tests="10" name="Surefire test" time="28.077" errors="0" timestamp="27 Dec 2019 15:05:37 GMT">
  <testcase classname="com.testcases.GetrequestTest" name="getListTest" time="11.302"/>
  <testcase classname="com.testcases.GetrequestTest" name="howEachFormatLooksLike" time="0.409"/>
  <testcase classname="com.testcases.GetrequestTest" name="pathParamSinglePhoto_ResponseTest" time="0.102"/>
  <testcase classname="com.testcases.GetrequestTest" name="queryParamSinglePhoto_ResponseTest" time="0.216"/>
  <testcase classname="com.testcases.GetrequestTest" name="testSinglePhoto_Response" time="0.1"/>
  <testcase classname="com.testcases.GetrequestTest" name="testSinglePhoto_ResponseToString" time="0.085"/>
  <testcase classname="com.testcases.GetrequestTest" name="testSinglePhoto_String" time="0.092"/>
  <testcase classname="com.testcases.PostDataProviderTest" name="postAPI" time="3.85"/>
  <testcase classname="com.testcases.PostDataProviderTest" name="postAPI" time="0.464"/>
  <testcase classname="com.testcases.POSTrequestTest" name="postAPITest" time="0.451"/>
</testsuite> <!-- Surefire test -->
