<?xml version="1.0" encoding="UTF-8"?>
<!-- Generated by org.testng.reporters.JUnitXMLReporter -->
<testsuite ignored="0" hostname="LAPTOP-MB89NV26" failures="0" tests="8" name="Test" time="8.745" errors="0" timestamp="2019-12-22T18:16:03 MSK">
  <testcase classname="com.testcases.GetrequestTest" name="getListTest" time="6.551"/>
  <testcase classname="com.testcases.GetrequestTest" name="howEachFormatLooksLike" time="0.503"/>
  <testcase classname="com.testcases.GetrequestTest" name="pathParamSinglePhoto_ResponseTest" time="0.094"/>
  <testcase classname="com.testcases.GetrequestTest" name="queryParamSinglePhoto_ResponseTest" time="0.234"/>
  <testcase classname="com.testcases.GetrequestTest" name="testSinglePhoto_Response" time="0.1"/>
  <testcase classname="com.testcases.GetrequestTest" name="testSinglePhoto_ResponseToString" time="0.101"/>
  <testcase classname="com.testcases.GetrequestTest" name="testSinglePhoto_String" time="0.092"/>
  <testcase classname="com.testcases.POSTrequestTest" name="postAPITest" time="0.177"/>
</testsuite> <!-- Test -->
