<?xml version="1.0" encoding="UTF-8"?>
<!-- Generated by org.testng.reporters.JUnitXMLReporter -->
<testsuite ignored="0" hostname="LAPTOP-MB89NV26" failures="0" tests="8" name="Test" time="15.069" errors="0" timestamp="22 Dec 2019 15:32:58 GMT">
  <testcase classname="com.testcases.GetrequestTest" name="getListTest" time="11.027"/>
  <testcase classname="com.testcases.GetrequestTest" name="howEachFormatLooksLike" time="0.88"/>
  <testcase classname="com.testcases.GetrequestTest" name="pathParamSinglePhoto_ResponseTest" time="0.353"/>
  <testcase classname="com.testcases.GetrequestTest" name="queryParamSinglePhoto_ResponseTest" time="0.826"/>
  <testcase classname="com.testcases.GetrequestTest" name="testSinglePhoto_Response" time="0.268"/>
  <testcase classname="com.testcases.GetrequestTest" name="testSinglePhoto_ResponseToString" time="0.26"/>
  <testcase classname="com.testcases.GetrequestTest" name="testSinglePhoto_String" time="0.23"/>
  <testcase classname="com.testcases.POSTrequestTest" name="postAPITest" time="0.263"/>
</testsuite> <!-- Test -->
