<?xml version="1.0" encoding="UTF-8"?>
<!-- Generated by org.testng.reporters.JUnitXMLReporter -->
<testsuite ignored="0" hostname="LAPTOP-MB89NV26" failures="0" tests="8" name="Test" time="12.6" errors="0" timestamp="22 Dec 2019 16:23:59 GMT">
  <testcase classname="com.testcases.GetrequestTest" name="getListTest" time="8.081"/>
  <testcase classname="com.testcases.GetrequestTest" name="howEachFormatLooksLike" time="1.126"/>
  <testcase classname="com.testcases.GetrequestTest" name="pathParamSinglePhoto_ResponseTest" time="0.248"/>
  <testcase classname="com.testcases.GetrequestTest" name="queryParamSinglePhoto_ResponseTest" time="0.439"/>
  <testcase classname="com.testcases.GetrequestTest" name="testSinglePhoto_Response" time="0.283"/>
  <testcase classname="com.testcases.GetrequestTest" name="testSinglePhoto_ResponseToString" time="0.302"/>
  <testcase classname="com.testcases.GetrequestTest" name="testSinglePhoto_String" time="0.307"/>
  <testcase classname="com.testcases.POSTrequestTest" name="postAPITest" time="0.762"/>
</testsuite> <!-- Test -->
