<?xml version="1.0" encoding="UTF-8"?>
<testsuite name="TestSuite" time="16.693" tests="10" errors="0" skipped="0" failures="0">
  <properties>
[...]
</properties>
  <testcase name="getListTest" classname="com.testcases.GetrequestTest" time="11.325"/>
  <testcase name="howEachFormatLooksLike" classname="com.testcases.GetrequestTest" time="0.411"/>
  <testcase name="pathParamSinglePhoto_ResponseTest" classname="com.testcases.GetrequestTest" time="0.078"/>
  <testcase name="queryParamSinglePhoto_ResponseTest" classname="com.testcases.GetrequestTest" time="0.217"/>
  <testcase name="testSinglePhoto_Response" classname="com.testcases.GetrequestTest" time="0.117"/>
  <testcase name="testSinglePhoto_ResponseToString" classname="com.testcases.GetrequestTest" time="0.07"/>
  <testcase name="testSinglePhoto_String" classname="com.testcases.GetrequestTest" time="0.102"/>
  <testcase name="postAPI" classname="com.testcases.PostDataProviderTest" time="3.98"/>
  <testcase name="postAPI" classname="com.testcases.PostDataProviderTest" time="0.424"/>
  <testcase name="postAPITest" classname="com.testcases.POSTrequestTest" time="0.393"/>
</testsuite>