<?xml version="1.0" encoding="UTF-8"?>
<testng-results ignored="0" total="10" passed="10" failed="0" skipped="0">
  <reporter-output>
  </reporter-output>
  <suite started-at="2019-12-27T15:05:07Z" name="Surefire suite" finished-at="2019-12-27T15:05:35Z" duration-ms="28077">
    <groups>
    </groups>
    <test started-at="2019-12-27T15:05:07Z" name="Surefire test" finished-at="2019-12-27T15:05:35Z" duration-ms="28077">
      <class name="com.testcases.POSTrequestTest">
        <test-method is-config="true" signature="setup()[pri:0, instance:com.testcases.POSTrequestTest@31e04b13]" started-at="2019-12-27T15:05:35Z" name="setup" finished-at="2019-12-27T15:05:35Z" duration-ms="30" status="PASS">
          <reporter-output>
          </reporter-output>
        </test-method> <!-- setup -->
        <test-method signature="postAPITest()[pri:0, instance:com.testcases.POSTrequestTest@31e04b13]" started-at="2019-12-27T15:05:35Z" name="postAPITest" finished-at="2019-12-27T15:05:35Z" duration-ms="451" status="PASS">
          <reporter-output>
          </reporter-output>
        </test-method> <!-- postAPITest -->
      </class> <!-- com.testcases.POSTrequestTest -->
      <class name="com.testcases.GetrequestTest">
        <test-method is-config="true" signature="setup()[pri:0, instance:com.testcases.GetrequestTest@33db72bd]" started-at="2019-12-27T15:05:07Z" name="setup" finished-at="2019-12-27T15:05:09Z" duration-ms="1454" status="PASS">
          <reporter-output>
          </reporter-output>
        </test-method> <!-- setup -->
        <test-method signature="getListTest()[pri:0, instance:com.testcases.GetrequestTest@33db72bd]" started-at="2019-12-27T15:05:09Z" name="getListTest" finished-at="2019-12-27T15:05:20Z" duration-ms="11302" status="PASS">
          <reporter-output>
          </reporter-output>
        </test-method> <!-- getListTest -->
        <test-method signature="howEachFormatLooksLike()[pri:0, instance:com.testcases.GetrequestTest@33db72bd]" started-at="2019-12-27T15:05:20Z" name="howEachFormatLooksLike" finished-at="2019-12-27T15:05:20Z" duration-ms="409" status="PASS">
          <reporter-output>
          </reporter-output>
        </test-method> <!-- howEachFormatLooksLike -->
        <test-method signature="pathParamSinglePhoto_ResponseTest()[pri:0, instance:com.testcases.GetrequestTest@33db72bd]" started-at="2019-12-27T15:05:20Z" name="pathParamSinglePhoto_ResponseTest" finished-at="2019-12-27T15:05:21Z" duration-ms="102" status="PASS">
          <reporter-output>
          </reporter-output>
        </test-method> <!-- pathParamSinglePhoto_ResponseTest -->
        <test-method signature="queryParamSinglePhoto_ResponseTest()[pri:0, instance:com.testcases.GetrequestTest@33db72bd]" started-at="2019-12-27T15:05:21Z" name="queryParamSinglePhoto_ResponseTest" finished-at="2019-12-27T15:05:21Z" duration-ms="216" status="PASS">
          <reporter-output>
          </reporter-output>
        </test-method> <!-- queryParamSinglePhoto_ResponseTest -->
        <test-method signature="testSinglePhoto_Response()[pri:0, instance:com.testcases.GetrequestTest@33db72bd]" started-at="2019-12-27T15:05:21Z" name="testSinglePhoto_Response" finished-at="2019-12-27T15:05:21Z" duration-ms="100" status="PASS">
          <reporter-output>
          </reporter-output>
        </test-method> <!-- testSinglePhoto_Response -->
        <test-method signature="testSinglePhoto_ResponseToString()[pri:0, instance:com.testcases.GetrequestTest@33db72bd]" started-at="2019-12-27T15:05:21Z" name="testSinglePhoto_ResponseToString" finished-at="2019-12-27T15:05:21Z" duration-ms="85" status="PASS">
          <reporter-output>
          </reporter-output>
        </test-method> <!-- testSinglePhoto_ResponseToString -->
        <test-method signature="testSinglePhoto_String()[pri:0, instance:com.testcases.GetrequestTest@33db72bd]" started-at="2019-12-27T15:05:21Z" name="testSinglePhoto_String" finished-at="2019-12-27T15:05:21Z" duration-ms="92" status="PASS">
          <reporter-output>
          </reporter-output>
        </test-method> <!-- testSinglePhoto_String -->
      </class> <!-- com.testcases.GetrequestTest -->
      <class name="com.testcases.PostDataProviderTest">
        <test-method is-config="true" signature="setup()[pri:0, instance:com.testcases.PostDataProviderTest@7f92b990]" started-at="2019-12-27T15:05:21Z" name="setup" finished-at="2019-12-27T15:05:21Z" duration-ms="6" status="PASS">
          <reporter-output>
          </reporter-output>
        </test-method> <!-- setup -->
        <test-method signature="postAPI(java.lang.String, java.lang.String)[pri:0, instance:com.testcases.PostDataProviderTest@7f92b990]" started-at="2019-12-27T15:05:30Z" name="postAPI" data-provider="empdataprovider" finished-at="2019-12-27T15:05:34Z" duration-ms="3850" status="PASS">
          <params>
            <param index="0">
              <value>
                <![CDATA[Ruzanna]]>
              </value>
            </param>
            <param index="1">
              <value>
                <![CDATA[hr]]>
              </value>
            </param>
          </params>
          <reporter-output>
          </reporter-output>
        </test-method> <!-- postAPI -->
        <test-method signature="postAPI(java.lang.String, java.lang.String)[pri:0, instance:com.testcases.PostDataProviderTest@7f92b990]" started-at="2019-12-27T15:05:34Z" name="postAPI" data-provider="empdataprovider" finished-at="2019-12-27T15:05:35Z" duration-ms="464" status="PASS">
          <params>
            <param index="0">
              <value>
                <![CDATA[Cathy]]>
              </value>
            </param>
            <param index="1">
              <value>
                <![CDATA[student]]>
              </value>
            </param>
          </params>
          <reporter-output>
          </reporter-output>
        </test-method> <!-- postAPI -->
      </class> <!-- com.testcases.PostDataProviderTest -->
    </test> <!-- Surefire test -->
  </suite> <!-- Surefire suite -->
</testng-results>
