<?xml version="1.0" encoding="UTF-8"?>
<testng-results ignored="0" total="2" passed="2" failed="0" skipped="0">
  <reporter-output>
  </reporter-output>
  <suite started-at="2019-12-27T13:44:27 MSK" name="Default suite" finished-at="2019-12-27T13:44:34 MSK" duration-ms="7076">
    <groups>
    </groups>
    <test started-at="2019-12-27T13:44:27 MSK" name="Default test" finished-at="2019-12-27T13:44:34 MSK" duration-ms="7076">
      <class name="com.testcases.PostDataProviderTest">
        <test-method is-config="true" signature="setup()[pri:0, instance:com.testcases.PostDataProviderTest@1fb700ee]" started-at="2019-12-27T13:44:27 MSK" name="setup" finished-at="2019-12-27T13:44:27 MSK" duration-ms="293" status="PASS">
          <reporter-output>
          </reporter-output>
        </test-method> <!-- setup -->
        <test-method signature="postAPI(java.lang.String, java.lang.String)[pri:0, instance:com.testcases.PostDataProviderTest@1fb700ee]" started-at="2019-12-27T13:44:29 MSK" name="postAPI" data-provider="empdataprovider" finished-at="2019-12-27T13:44:33 MSK" duration-ms="4131" status="PASS">
          <params>
            <param index="0">
              <value>
                <![CDATA[Ruzanna]]>
              </value>
            </param>
            <param index="1">
              <value>
                <![CDATA[hr]]>
              </value>
            </param>
          </params>
          <reporter-output>
          </reporter-output>
        </test-method> <!-- postAPI -->
        <test-method signature="postAPI(java.lang.String, java.lang.String)[pri:0, instance:com.testcases.PostDataProviderTest@1fb700ee]" started-at="2019-12-27T13:44:33 MSK" name="postAPI" data-provider="empdataprovider" finished-at="2019-12-27T13:44:34 MSK" duration-ms="330" status="PASS">
          <params>
            <param index="0">
              <value>
                <![CDATA[Cathy]]>
              </value>
            </param>
            <param index="1">
              <value>
                <![CDATA[student]]>
              </value>
            </param>
          </params>
          <reporter-output>
          </reporter-output>
        </test-method> <!-- postAPI -->
      </class> <!-- com.testcases.PostDataProviderTest -->
    </test> <!-- Default test -->
  </suite> <!-- Default suite -->
</testng-results>
